src:
    main:
        java:
            ru:
                spbu:
                    apcyb:
                        svp:
                            tasks:
                                ArrayUtils.java
                                Task1.java
                                Task2.java
                                Task3.java
                                Task3.out
                                Task4.java
                                Task5.java
        resources:
            .stub
    test:
        java:
            ru:
                spbu:
                    apcyb:
                        svp:
                            tasks:
                                ArrayUtilsTest.java
                                Task1Test.java
                                Task2Test.java
                                Task3Test.java
                                Task4Test.java
                                Task5Test.java
        resources:
            .stub
